This is pdfTeX, Version 3.141592653-2.6-1.40.22 (TeX Live 2022/dev/Debian) (preloaded format=pdflatex 2026.2.4)  9 MAR 2026 15:10
entering extended mode
 restricted \write18 enabled.
 %&-line parsing enabled.
**RobEngThesisTemplate.tex
(./RobEngThesisTemplate.tex
LaTeX2e <2021-11-15> patch level 1
L3 programming layer <2022-01-21> (./Classes/RoboticsLaTeX.cls
Document Class: Classes/RoboticsLaTeX 2014/10/27 Robotics LaTeX theses class
(/usr/share/texlive/texmf-dist/tex/latex/base/book.cls
Document Class: book 2021/10/04 v1.4n Standard LaTeX document class
(/usr/share/texlive/texmf-dist/tex/latex/base/bk12.clo
File: bk12.clo 2021/10/04 v1.4n Standard LaTeX file (size option)
)
\c@part=\count185
\c@chapter=\count186
\c@section=\count187
\c@subsection=\count188
\c@subsubsection=\count189
\c@paragraph=\count190
\c@subparagraph=\count191
\c@figure=\count192
\c@table=\count193
\abovecaptionskip=\skip47
\belowcaptionskip=\skip48
\bibindent=\dimen138
)
(./StyleFiles/watermark.sty

LaTeX Warning: You have requested package `StyleFiles/watermark',
               but the package provides `watermark'.

Package: watermark 2002/01/29 v1.00 Watermarks (NCC)
) (/usr/share/texlive/texmf-dist/tex/latex/amsfonts/amssymb.sty
Package: amssymb 2013/01/14 v3.01 AMS font symbols

(/usr/share/texlive/texmf-dist/tex/latex/amsfonts/amsfonts.sty
Package: amsfonts 2013/01/14 v3.01 Basic AMSFonts support
\@emptytoks=\toks16
\symAMSa=\mathgroup4
\symAMSb=\mathgroup5
LaTeX Font Info:    Redeclaring math symbol \hbar on input line 98.
LaTeX Font Info:    Overwriting math alphabet `\mathfrak' in version `bold'
(Font)                  U/euf/m/n --> U/euf/b/n on input line 106.
))
(/usr/share/texlive/texmf-dist/tex/latex/tools/bm.sty
Package: bm 2021/04/25 v1.2e Bold Symbol Support (DPC/FMi)
\symboldoperators=\mathgroup6
\symboldletters=\mathgroup7
\symboldsymbols=\mathgroup8
Package bm Info: No bold for \OMX/cmex/m/n, using \pmb.
Package bm Info: No bold for \U/msa/m/n, using \pmb.
Package bm Info: No bold for \U/msb/m/n, using \pmb.
LaTeX Font Info:    Redeclaring math alphabet \mathbf on input line 149.
)
(/usr/share/texlive/texmf-dist/tex/latex/amsmath/amsmath.sty
Package: amsmath 2021/10/15 v2.17l AMS math features
\@mathmargin=\skip49

For additional information on amsmath, use the `?' option.
(/usr/share/texlive/texmf-dist/tex/latex/amsmath/amstext.sty
Package: amstext 2021/08/26 v2.01 AMS text

(/usr/share/texlive/texmf-dist/tex/latex/amsmath/amsgen.sty
File: amsgen.sty 1999/11/30 v2.0 generic functions
\@emptytoks=\toks17
\ex@=\dimen139
))
(/usr/share/texlive/texmf-dist/tex/latex/amsmath/amsbsy.sty
Package: amsbsy 1999/11/29 v1.2d Bold Symbols
LaTeX Info: Redefining \boldsymbol on input line 28.
\pmbraise@=\dimen140
)
(/usr/share/texlive/texmf-dist/tex/latex/amsmath/amsopn.sty
Package: amsopn 2021/08/26 v2.02 operator names
)
\inf@bad=\count194
LaTeX Info: Redefining \frac on input line 234.
\uproot@=\count195
\leftroot@=\count196
LaTeX Info: Redefining \overline on input line 399.
\classnum@=\count197
\DOTSCASE@=\count198
LaTeX Info: Redefining \ldots on input line 496.
LaTeX Info: Redefining \dots on input line 499.
LaTeX Info: Redefining \cdots on input line 620.
\Mathstrutbox@=\box50
\strutbox@=\box51
\big@size=\dimen141
LaTeX Font Info:    Redeclaring font encoding OML on input line 743.
LaTeX Font Info:    Redeclaring font encoding OMS on input line 744.
\macc@depth=\count199
\c@MaxMatrixCols=\count266
\dotsspace@=\muskip16
\c@parentequation=\count267
\dspbrk@lvl=\count268
\tag@help=\toks18
\row@=\count269
\column@=\count270
\maxfields@=\count271
\andhelp@=\toks19
\eqnshift@=\dimen142
\alignsep@=\dimen143
\tagshift@=\dimen144
\tagwidth@=\dimen145
\totwidth@=\dimen146
\lineht@=\dimen147
\@envbody=\toks20
\multlinegap=\skip50
\multlinetaggap=\skip51
\mathdisplay@stack=\toks21
LaTeX Info: Redefining \[ on input line 2938.
LaTeX Info: Redefining \] on input line 2939.
)
(/usr/share/texlive/texmf-dist/tex/latex/graphics/graphics.sty
Package: graphics 2021/03/04 v1.4d Standard LaTeX Graphics (DPC,SPQR)

(/usr/share/texlive/texmf-dist/tex/latex/graphics/trig.sty
Package: trig 2021/08/11 v1.11 sin cos tan (DPC)
)
(/usr/share/texlive/texmf-dist/tex/latex/graphics-cfg/graphics.cfg
File: graphics.cfg 2016/06/04 v1.11 sample graphics configuration
)
Package graphics Info: Driver file: pdftex.def on input line 107.

(/usr/share/texlive/texmf-dist/tex/latex/graphics-def/pdftex.def
File: pdftex.def 2020/10/05 v1.2a Graphics/color driver for pdftex
))
(./StyleFiles/fancyhdr.sty
\headwidth=\dimen148
)
(/usr/share/texlive/texmf-dist/tex/latex/amsfonts/eucal.sty
Package: eucal 2009/06/22 v3.00 Euler Script fonts
LaTeX Font Info:    Overwriting math alphabet `\EuScript' in version `bold'
(Font)                  U/eus/m/n --> U/eus/b/n on input line 33.
)
(/usr/share/texlive/texmf-dist/tex/latex/natbib/natbib.sty
Package: natbib 2010/09/13 8.31b (PWD, AO)
\bibhang=\skip52
\bibsep=\skip53
LaTeX Info: Redefining \cite on input line 694.
\c@NAT@ctr=\count272
)
(/usr/share/texlive/texmf-dist/tex/generic/babel/babel.sty
Package: babel 2022/01/26 3.70 The Babel package
\babel@savecnt=\count273
\U@D=\dimen149
\l@unhyphenated=\language7

(/usr/share/texlive/texmf-dist/tex/generic/babel/txtbabel.def)
\bbl@readstream=\read2
\bbl@dirlevel=\count274

(/usr/share/texlive/texmf-dist/tex/generic/babel-english/english.ldf
Language: english 2017/06/06 v3.3r English support from the babel system
Package babel Info: Hyphen rules for 'british' set to \l@english
(babel)             (\language0). Reported on input line 82.
Package babel Info: Hyphen rules for 'UKenglish' set to \l@english
(babel)             (\language0). Reported on input line 83.
Package babel Info: Hyphen rules for 'canadian' set to \l@english
(babel)             (\language0). Reported on input line 102.
Package babel Info: Hyphen rules for 'australian' set to \l@english
(babel)             (\language0). Reported on input line 105.
Package babel Info: Hyphen rules for 'newzealand' set to \l@english
(babel)             (\language0). Reported on input line 108.
))
(/usr/share/texlive/texmf-dist/tex/latex/graphics/color.sty
Package: color 2021/12/07 v1.3c Standard LaTeX Color (DPC)

(/usr/share/texlive/texmf-dist/tex/latex/graphics-cfg/color.cfg
File: color.cfg 2016/01/02 v1.6 sample color configuration
)
Package color Info: Driver file: pdftex.def on input line 149.

(/usr/share/texlive/texmf-dist/tex/latex/graphics/dvipsnam.def
File: dvipsnam.def 2016/06/17 v3.0m Driver-dependent file (DPC,SPQR)
))
(/usr/share/texlive/texmf-dist/tex/latex/footmisc/footmisc.sty
Package: footmisc 2011/06/06 v5.5b a miscellany of footnote facilities
\FN@temptoken=\toks22
\footnotemargin=\dimen150
\c@pp@next@reset=\count275
\c@@fnserial=\count276
Package footmisc Info: Declaring symbol style bringhurst on input line 855.
Package footmisc Info: Declaring symbol style chicago on input line 863.
Package footmisc Info: Declaring symbol style wiley on input line 872.
Package footmisc Info: Declaring symbol style lamport-robust on input line 883.

Package footmisc Info: Declaring symbol style lamport* on input line 903.
Package footmisc Info: Declaring symbol style lamport*-robust on input line 924
.
)
(/usr/share/texlive/texmf-dist/tex/latex/base/ifthen.sty
Package: ifthen 2020/11/24 v1.1c Standard LaTeX ifthen package (DPC)
)
(/usr/share/texlive/texmf-dist/tex/generic/iftex/ifpdf.sty
Package: ifpdf 2019/10/25 v3.4 ifpdf legacy package. Use iftex instead.

(/usr/share/texlive/texmf-dist/tex/generic/iftex/iftex.sty
Package: iftex 2020/03/06 v1.0d TeX engine tests
))
(/usr/share/texlive/texmf-dist/tex/latex/booktabs/booktabs.sty
Package: booktabs 2020/01/12 v1.61803398 Publication quality tables
\heavyrulewidth=\dimen151
\lightrulewidth=\dimen152
\cmidrulewidth=\dimen153
\belowrulesep=\dimen154
\belowbottomsep=\dimen155
\aboverulesep=\dimen156
\abovetopsep=\dimen157
\cmidrulesep=\dimen158
\cmidrulekern=\dimen159
\defaultaddspace=\dimen160
\@cmidla=\count277
\@cmidlb=\count278
\@aboverulesep=\dimen161
\@belowrulesep=\dimen162
\@thisruleclass=\count279
\@lastruleclass=\count280
\@thisrulewidth=\dimen163
)
(/usr/share/texlive/texmf-dist/tex/latex/siunitx/siunitx.sty
Package: siunitx 2022-02-02 v3.0.46 A comprehensive (SI) units package
\l__siunitx_angle_tmp_dim=\dimen164
\l__siunitx_angle_marker_box=\box52
\l__siunitx_angle_unit_box=\box53
\l__siunitx_compound_count_int=\count281

(/usr/share/texlive/texmf-dist/tex/latex/translations/translations.sty
Package: translations 2022/01/04 v1.11 internationalization of LaTeX2e packages
 (CN)

(/usr/share/texlive/texmf-dist/tex/latex/etoolbox/etoolbox.sty
Package: etoolbox 2020/10/05 v2.5k e-TeX tools for LaTeX (JAW)
\etb@tempcnta=\count282
)
(/usr/share/texlive/texmf-dist/tex/generic/pdftexcmds/pdftexcmds.sty
Package: pdftexcmds 2020-06-27 v0.33 Utility functions of pdfTeX for LuaTeX (HO
)

(/usr/share/texlive/texmf-dist/tex/generic/infwarerr/infwarerr.sty
Package: infwarerr 2019/12/03 v1.5 Providing info/warning/error messages (HO)
)
(/usr/share/texlive/texmf-dist/tex/generic/ltxcmds/ltxcmds.sty
Package: ltxcmds 2020-05-10 v1.25 LaTeX kernel commands for general use (HO)
)
Package pdftexcmds Info: \pdf@primitive is available.
Package pdftexcmds Info: \pdf@ifprimitive is available.
Package pdftexcmds Info: \pdfdraftmode found.
))
\l__siunitx_number_exponent_fixed_int=\count283
\l__siunitx_number_min_decimal_int=\count284
\l__siunitx_number_min_integer_int=\count285
\l__siunitx_number_round_precision_int=\count286
\l__siunitx_number_group_minimum_int=\count287
\l__siunitx_table_tmp_box=\box54
\l__siunitx_table_tmp_dim=\dimen165
\l__siunitx_table_column_width_dim=\dimen166
\l__siunitx_table_integer_box=\box55
\l__siunitx_table_decimal_box=\box56
\l__siunitx_table_before_box=\box57
\l__siunitx_table_after_box=\box58
\l__siunitx_table_before_dim=\dimen167
\l__siunitx_table_carry_dim=\dimen168
\l__siunitx_unit_tmp_int=\count288
\l__siunitx_unit_position_int=\count289
\l__siunitx_unit_total_int=\count290

(/usr/share/texlive/texmf-dist/tex/latex/l3packages/l3keys2e/l3keys2e.sty
(/usr/share/texlive/texmf-dist/tex/latex/l3kernel/expl3.sty
Package: expl3 2022-01-21 L3 programming layer (loader) 

(/usr/share/texlive/texmf-dist/tex/latex/l3backend/l3backend-pdftex.def
File: l3backend-pdftex.def 2022-01-12 L3 backend support: PDF output (pdfTeX)
\l__color_backend_stack_int=\count291
\l__pdf_internal_box=\box59
))
Package: l3keys2e 2022-01-12 LaTeX2e option processing using LaTeX3 keys
)
(/usr/share/texlive/texmf-dist/tex/latex/tools/array.sty
Package: array 2021/10/04 v2.5f Tabular extension package (FMi)
\col@sep=\dimen169
\ar@mcellbox=\box60
\extrarowheight=\dimen170
\NC@list=\toks23
\extratabsurround=\skip54
\backup@length=\skip55
\ar@cellbox=\box61
))
(/usr/share/texlive/texmf-dist/tex/latex/nomencl/nomencl.sty
Package: nomencl 2021/11/10 v5.6 Nomenclature package

(/usr/share/texlive/texmf-dist/tex/latex/xkeyval/xkeyval.sty
Package: xkeyval 2020/11/20 v2.8 package option processing (HA)

(/usr/share/texlive/texmf-dist/tex/generic/xkeyval/xkeyval.tex
(/usr/share/texlive/texmf-dist/tex/generic/xkeyval/xkvutils.tex
\XKV@toks=\toks24
\XKV@tempa@toks=\toks25

(/usr/share/texlive/texmf-dist/tex/generic/xkeyval/keyval.tex))
\XKV@depth=\count292
File: xkeyval.tex 2014/12/03 v2.7a key=value parser (HA)
))
(/usr/share/texlive/texmf-dist/tex/latex/koma-script/tocbasic.sty
Package: tocbasic 2021/11/13 v3.35 KOMA-Script package (handling toc-files)

(/usr/share/texlive/texmf-dist/tex/latex/koma-script/scrbase.sty
Package: scrbase 2021/11/13 v3.35 KOMA-Script package (KOMA-Script-independent 
basics and keyval usage)

(/usr/share/texlive/texmf-dist/tex/latex/koma-script/scrlfile.sty
Package: scrlfile 2021/11/13 v3.35 KOMA-Script package (file load hooks)

(/usr/share/texlive/texmf-dist/tex/latex/koma-script/scrlfile-hook.sty
Package: scrlfile-hook 2021/11/13 v3.35 KOMA-Script package (using LaTeX hooks)


(/usr/share/texlive/texmf-dist/tex/latex/koma-script/scrlogo.sty
Package: scrlogo 2021/11/13 v3.35 KOMA-Script package (logo)
)))
Applying: [2021/05/01] Usage of raw or classic option list on input line 252.
Already applied: [0000/00/00] Usage of raw or classic option list on input line
 368.
)
\scr@dte@tocline@numberwidth=\skip56
\scr@dte@tocline@numbox=\box62
)
Package tocbasic Info: setting babel extension for `nlo' on input line 187.
Package tocbasic Info: setting babel extension for `nls' on input line 188.
\nomlabelwidth=\dimen171
\nom@tempdim=\dimen172
\nomitemsep=\skip57
)
\@glossaryfile=\write3
\openout3 = `RobEngThesisTemplate.glo'.


Writing glossary file RobEngThesisTemplate.glo 
(/usr/share/texlive/texmf-dist/tex/latex/hyperref/hyperref.sty
Package: hyperref 2021-06-07 v7.00m Hypertext links for LaTeX

(/usr/share/texlive/texmf-dist/tex/generic/kvsetkeys/kvsetkeys.sty
Package: kvsetkeys 2019/12/15 v1.18 Key value parser (HO)
)
(/usr/share/texlive/texmf-dist/tex/generic/kvdefinekeys/kvdefinekeys.sty
Package: kvdefinekeys 2019-12-19 v1.6 Define keys (HO)
)
(/usr/share/texlive/texmf-dist/tex/generic/pdfescape/pdfescape.sty
Package: pdfescape 2019/12/09 v1.15 Implements pdfTeX's escape features (HO)
)
(/usr/share/texlive/texmf-dist/tex/latex/hycolor/hycolor.sty
Package: hycolor 2020-01-27 v1.10 Color options for hyperref/bookmark (HO)
)
(/usr/share/texlive/texmf-dist/tex/latex/letltxmacro/letltxmacro.sty
Package: letltxmacro 2019/12/03 v1.6 Let assignment for LaTeX macros (HO)
)
(/usr/share/texlive/texmf-dist/tex/latex/auxhook/auxhook.sty
Package: auxhook 2019-12-17 v1.6 Hooks for auxiliary files (HO)
)
(/usr/share/texlive/texmf-dist/tex/latex/kvoptions/kvoptions.sty
Package: kvoptions 2020-10-07 v3.14 Key value format for package options (HO)
)
\@linkdim=\dimen173
\Hy@linkcounter=\count293
\Hy@pagecounter=\count294

(/usr/share/texlive/texmf-dist/tex/latex/hyperref/pd1enc.def
File: pd1enc.def 2021-06-07 v7.00m Hyperref: PDFDocEncoding definition (HO)
Now handling font encoding PD1 ...
... no UTF-8 mapping file for font encoding PD1
)
(/usr/share/texlive/texmf-dist/tex/latex/hyperref/hyperref-langpatches.def
File: hyperref-langpatches.def 2021-06-07 v7.00m Hyperref: patches for babel la
nguages
)
(/usr/share/texlive/texmf-dist/tex/generic/intcalc/intcalc.sty
Package: intcalc 2019/12/15 v1.3 Expandable calculations with integers (HO)
)
(/usr/share/texlive/texmf-dist/tex/generic/etexcmds/etexcmds.sty
Package: etexcmds 2019/12/15 v1.7 Avoid name clashes with e-TeX commands (HO)
)
\Hy@SavedSpaceFactor=\count295

(/usr/share/texlive/texmf-dist/tex/latex/hyperref/puenc.def
File: puenc.def 2021-06-07 v7.00m Hyperref: PDF Unicode definition (HO)
Now handling font encoding PU ...
... no UTF-8 mapping file for font encoding PU
)
Package hyperref Info: Option `plainpages' set `false' on input line 4073.
Package hyperref Info: Option `pdfpagelabels' set `true' on input line 4073.


Package hyperref Warning: Values of option `pdfpagelayout':
(hyperref)                * `SinglePage'
(hyperref)                * `OneColumn'
(hyperref)                * `TwoColumnLeft'
(hyperref)                * `TwoColumnRight'
(hyperref)                * `TwoPageLeft' (PDF 1.5)
(hyperref)                * `TwoPageRight' (PDF 1.5)
(hyperref)                * An empty value disables the option.
(hyperref)                Unknown value `useoutlines' on input line 4073.

Package hyperref Info: Option `bookmarks' set `true' on input line 4073.
Package hyperref Info: Option `bookmarksopen' set `true' on input line 4073.
Package hyperref Info: Option `bookmarksnumbered' set `true' on input line 4073
.
Package hyperref Info: Option `breaklinks' set `true' on input line 4073.
Package hyperref Info: Option `linktocpage' set `true' on input line 4073.
Package hyperref Info: Option `colorlinks' set `true' on input line 4073.
Package hyperref Info: Option `hyperindex' set `true' on input line 4073.
Package hyperref Info: Option `hyperfigures' set `true' on input line 4073.
Package hyperref Info: Hyper figures ON on input line 4190.
Package hyperref Info: Link nesting OFF on input line 4197.
Package hyperref Info: Hyper index ON on input line 4200.
Package hyperref Info: Plain pages OFF on input line 4207.
Package hyperref Info: Backreferencing ON on input line 4210.
Package hyperref Info: Implicit mode ON; LaTeX internals redefined.
Package hyperref Info: Bookmarks ON on input line 4445.
(/usr/share/texlive/texmf-dist/tex/latex/hyperref/backref.sty
Package: backref 2021/02/04 v1.41 Bibliographical back referencing

(/usr/share/texlive/texmf-dist/tex/latex/rerunfilecheck/rerunfilecheck.sty
Package: rerunfilecheck 2019/12/05 v1.9 Rerun checks for auxiliary files (HO)

(/usr/share/texlive/texmf-dist/tex/latex/base/atveryend-ltx.sty
Package: atveryend-ltx 2020/08/19 v1.0a Emulation of the original atveryend pac
kage
with kernel methods
)
(/usr/share/texlive/texmf-dist/tex/generic/uniquecounter/uniquecounter.sty
Package: uniquecounter 2019/12/15 v1.4 Provide unlimited unique counter (HO)

(/usr/share/texlive/texmf-dist/tex/generic/bigintcalc/bigintcalc.sty
Package: bigintcalc 2019/12/15 v1.5 Expandable calculations on big integers (HO
)
))
Package uniquecounter Info: New unique counter `rerunfilecheck' on input line 2
86.
))
\c@Hy@tempcnt=\count296

(/usr/share/texlive/texmf-dist/tex/latex/url/url.sty
\Urlmuskip=\muskip17
Package: url 2013/09/16  ver 3.4  Verb mode for urls, etc.
)
LaTeX Info: Redefining \url on input line 4804.
\XeTeXLinkMargin=\dimen174

(/usr/share/texlive/texmf-dist/tex/generic/bitset/bitset.sty
Package: bitset 2019/12/09 v1.3 Handle bit-vector datatype (HO)
)
\Fld@menulength=\count297
\Field@Width=\dimen175
\Fld@charsize=\dimen176
Package hyperref Info: Hyper figures ON on input line 6074.
Package hyperref Info: Link nesting OFF on input line 6081.
Package hyperref Info: Hyper index ON on input line 6084.
Package hyperref Info: backreferencing ON on input line 6089.
Package hyperref Info: Link coloring ON on input line 6094.
Package hyperref Info: Link coloring with OCG OFF on input line 6101.
Package hyperref Info: PDF/A mode OFF on input line 6106.
LaTeX Info: Redefining \ref on input line 6146.
LaTeX Info: Redefining \pageref on input line 6150.

(/usr/share/texlive/texmf-dist/tex/latex/base/atbegshi-ltx.sty
Package: atbegshi-ltx 2021/01/10 v1.0c Emulation of the original atbegshi
package with kernel methods
)
\Hy@abspage=\count298
\c@Item=\count299
\c@Hfootnote=\count300
)
Package hyperref Info: Driver: hpdftex.

(/usr/share/texlive/texmf-dist/tex/latex/hyperref/hpdftex.def
File: hpdftex.def 2021-06-07 v7.00m Hyperref driver for pdfTeX
\Fld@listcount=\count301
\c@bookmark@seq@number=\count302
\Hy@SectionHShift=\skip58
)
(/usr/share/texlive/texmf-dist/tex/latex/graphics/graphicx.sty
Package: graphicx 2021/09/16 v1.2d Enhanced LaTeX Graphics (DPC,SPQR)
\Gin@req@height=\dimen177
\Gin@req@width=\dimen178
))
(/usr/share/texlive/texmf-dist/tex/latex/algorithms/algorithm.sty
Package: algorithm 2009/08/24 v0.1 Document Style `algorithm' - floating enviro
nment

(/usr/share/texlive/texmf-dist/tex/latex/float/float.sty
Package: float 2001/11/08 v1.3d Float enhancements (AL)
\c@float@type=\count303
\float@exts=\toks26
\float@box=\box63
\@float@everytoks=\toks27
\@floatcapt=\box64
)
\@float@every@algorithm=\toks28
\c@algorithm=\count304
)
(/usr/share/texlive/texmf-dist/tex/latex/algorithms/algorithmic.sty
Package: algorithmic 2009/08/24 v0.1 Document Style `algorithmic'
\c@ALC@unique=\count305
\c@ALC@line=\count306
\c@ALC@rem=\count307
\c@ALC@depth=\count308
\ALC@tlm=\skip59
\algorithmicindent=\skip60
)
(/usr/share/texlive/texmf-dist/tex/latex/xcolor/xcolor.sty
Package: xcolor 2021/10/31 v2.13 LaTeX color extensions (UK)

(/usr/share/texlive/texmf-dist/tex/latex/graphics-cfg/color.cfg
File: color.cfg 2016/01/02 v1.6 sample color configuration
)
Package xcolor Info: Driver file: pdftex.def on input line 227.
LaTeX Info: Redefining \color on input line 711.
Package xcolor Info: Model `cmy' substituted by `cmy0' on input line 1352.
Package xcolor Info: Model `hsb' substituted by `rgb' on input line 1356.
Package xcolor Info: Model `RGB' extended on input line 1368.
Package xcolor Info: Model `HTML' substituted by `rgb' on input line 1370.
Package xcolor Info: Model `Hsb' substituted by `hsb' on input line 1371.
Package xcolor Info: Model `tHsb' substituted by `hsb' on input line 1372.
Package xcolor Info: Model `HSB' substituted by `hsb' on input line 1373.
Package xcolor Info: Model `Gray' substituted by `gray' on input line 1374.
Package xcolor Info: Model `wave' substituted by `hsb' on input line 1375.
)
(/usr/share/texmf/tex/latex/tex-gyre/tgbonum.sty
Package: tgbonum 2009/09/27 v1.2 TeX Gyre Bonum as default roman family
)
(/usr/share/texlive/texmf-dist/tex/latex/makecell/makecell.sty
Package: makecell 2009/08/03 V0.1e Managing of Tab Column Heads and Cells
\rotheadsize=\dimen179
\c@nlinenum=\count309
\TeXr@lab=\toks29
)
(/usr/share/texlive/texmf-dist/tex/latex/leftindex/leftindex.sty
(/usr/share/texlive/texmf-dist/tex/latex/l3packages/xparse/xparse.sty
Package: xparse 2022-01-12 L3 Experimental document command parser
)
(/usr/share/texlive/texmf-dist/tex/latex/mathtools/mathtools.sty
Package: mathtools 2021/02/02 v1.28 mathematical typesetting tools

(/usr/share/texlive/texmf-dist/tex/latex/tools/calc.sty
Package: calc 2017/05/25 v4.3 Infix arithmetic (KKT,FJ)
\calc@Acount=\count310
\calc@Bcount=\count311
\calc@Adimen=\dimen180
\calc@Bdimen=\dimen181
\calc@Askip=\skip61
\calc@Bskip=\skip62
LaTeX Info: Redefining \setlength on input line 80.
LaTeX Info: Redefining \addtolength on input line 81.
\calc@Ccount=\count312
\calc@Cskip=\skip63
)
(/usr/share/texlive/texmf-dist/tex/latex/mathtools/mhsetup.sty
Package: mhsetup 2021/03/18 v1.4 programming setup (MH)
)
\g_MT_multlinerow_int=\count313
\l_MT_multwidth_dim=\dimen182
\origjot=\skip64
\l_MT_shortvdotswithinadjustabove_dim=\dimen183
\l_MT_shortvdotswithinadjustbelow_dim=\dimen184
\l_MT_above_intertext_sep=\dimen185
\l_MT_below_intertext_sep=\dimen186
\l_MT_above_shortintertext_sep=\dimen187
\l_MT_below_shortintertext_sep=\dimen188
\xmathstrut@box=\box65
\xmathstrut@dim=\dimen189
)
Package: leftindex 2020/08/25 v0.1beta 
\l__leftindex_phantom_height_dim=\dimen190
\l__leftindex_slanting_phantom_with_subscript_box=\box66
\l__leftindex_slanting_phantom_with_subscript_dim=\dimen191
\l__leftindex_slanting_phantom_with_subscript_without_indentation_box=\box67
\l__leftindex_slanting_phantom_with_subscript_without_indentation_dim=\dimen192

\l__leftindex_indentation_of_slanting_phantom_subscript=\dimen193
\l__leftindex_superscript_temp_box=\box68
\l__leftindex_width_of_superscript_dim=\dimen194
\l__leftindex_subscript_temp_box=\box69
\l__leftindex_width_of_subscript_dim=\dimen195
)
(/usr/share/texlive/texmf-dist/tex/latex/multirow/multirow.sty
Package: multirow 2021/03/15 v2.8 Span multiple rows of a table
\multirow@colwidth=\skip65
\multirow@cntb=\count314
\multirow@dima=\skip66
\bigstrutjot=\dimen196
)
(/usr/share/texlive/texmf-dist/tex/latex/caption/subcaption.sty
Package: subcaption 2020/10/07 v1.3j Sub-captions (AR)

(/usr/share/texlive/texmf-dist/tex/latex/caption/caption.sty
Package: caption 2020/10/26 v3.5g Customizing captions (AR)

(/usr/share/texlive/texmf-dist/tex/latex/caption/caption3.sty
Package: caption3 2020/10/21 v2.2e caption3 kernel (AR)
\captionmargin=\dimen197
\captionmargin@=\dimen198
\captionwidth=\dimen199
\caption@tempdima=\dimen256
\caption@indent=\dimen257
\caption@parindent=\dimen258
\caption@hangindent=\dimen259
Package caption Info: Standard document class detected.
)
\c@caption@flags=\count315
\c@continuedfloat=\count316
Package caption Info: float package is loaded.
Package caption Info: hyperref package is loaded.
)
\c@subfigure=\count317
\c@subtable=\count318
)
LaTeX Font Info:    Trying to load font information for OT1+qbk on input line 8
8.

(/usr/share/texmf/tex/latex/tex-gyre/ot1qbk.fd
File: ot1qbk.fd 2009/09/25 v1.2 font definition file for OT1/qbk
) (./RobEngThesisTemplate.aux
(./Originality/originality.aux) (./Acknowledgement/acknowledgement.aux)
(./Abstract/abstract.aux) (./Chapter1/chapter1.aux) (./Chapter2/chapter2.aux)
(./Chapter3/chapter3.aux) (./Chapter4/chapter4.aux) (./Chapter5/chapter5.aux)
(./Conclusions/conclusions.aux) (./Appendix1/appendix1.aux))
\openout1 = `RobEngThesisTemplate.aux'.

LaTeX Font Info:    Checking defaults for OML/cmm/m/it on input line 88.
LaTeX Font Info:    ... okay on input line 88.
LaTeX Font Info:    Checking defaults for OMS/cmsy/m/n on input line 88.
LaTeX Font Info:    ... okay on input line 88.
LaTeX Font Info:    Checking defaults for OT1/cmr/m/n on input line 88.
LaTeX Font Info:    ... okay on input line 88.
LaTeX Font Info:    Checking defaults for T1/cmr/m/n on input line 88.
LaTeX Font Info:    ... okay on input line 88.
LaTeX Font Info:    Checking defaults for TS1/cmr/m/n on input line 88.
LaTeX Font Info:    ... okay on input line 88.
LaTeX Font Info:    Checking defaults for OMX/cmex/m/n on input line 88.
LaTeX Font Info:    ... okay on input line 88.
LaTeX Font Info:    Checking defaults for U/cmr/m/n on input line 88.
LaTeX Font Info:    ... okay on input line 88.
LaTeX Font Info:    Checking defaults for PD1/pdf/m/n on input line 88.
LaTeX Font Info:    ... okay on input line 88.
LaTeX Font Info:    Checking defaults for PU/pdf/m/n on input line 88.
LaTeX Font Info:    ... okay on input line 88.

(/usr/share/texlive/texmf-dist/tex/context/base/mkii/supp-pdf.mkii
[Loading MPS to PDF converter (version 2006.09.02).]
\scratchcounter=\count319
\scratchdimen=\dimen260
\scratchbox=\box70
\nofMPsegments=\count320
\nofMParguments=\count321
\everyMPshowfont=\toks30
\MPscratchCnt=\count322
\MPscratchDim=\dimen261
\MPnumerator=\count323
\makeMPintoPDFobject=\count324
\everyMPtoPDFconversion=\toks31
) (/usr/share/texlive/texmf-dist/tex/latex/epstopdf-pkg/epstopdf-base.sty
Package: epstopdf-base 2020-01-24 v2.11 Base part for package epstopdf
Package epstopdf-base Info: Redefining graphics rule for `.eps' on input line 4
85.

(/usr/share/texlive/texmf-dist/tex/latex/latexconfig/epstopdf-sys.cfg
File: epstopdf-sys.cfg 2010/07/13 v1.3 Configuration of (r)epstopdf for TeX Liv
e
))
(/usr/share/texlive/texmf-dist/tex/latex/translations/translations-basic-dictio
nary-english.trsl
File: translations-basic-dictionary-english.trsl (english translation file `tra
nslations-basic-dictionary')
)
Package translations Info: loading dictionary `translations-basic-dictionary' f
or `english'. on input line 88.
Package hyperref Info: Link coloring ON on input line 88.

(/usr/share/texlive/texmf-dist/tex/latex/hyperref/nameref.sty
Package: nameref 2021-04-02 v2.47 Cross-referencing by name of section

(/usr/share/texlive/texmf-dist/tex/latex/refcount/refcount.sty
Package: refcount 2019/12/15 v3.6 Data extraction from label references (HO)
)
(/usr/share/texlive/texmf-dist/tex/generic/gettitlestring/gettitlestring.sty
Package: gettitlestring 2019/12/15 v1.6 Cleanup title references (HO)
)
\c@section@level=\count325
)
LaTeX Info: Redefining \ref on input line 88.
LaTeX Info: Redefining \pageref on input line 88.
LaTeX Info: Redefining \nameref on input line 88.

(./RobEngThesisTemplate.out) (./RobEngThesisTemplate.out)
\@outlinefile=\write4
\openout4 = `RobEngThesisTemplate.out'.

Package backref Info: ** backref set up for natbib ** on input line 88.
Package caption Info: Begin \AtBeginDocument code.
Package caption Info: End \AtBeginDocument code.
Package epstopdf Info: Source file: <Figures//logo_unige.eps>
(epstopdf)                    date: 2023-05-25 11:20:04
(epstopdf)                    size: 29329 bytes
(epstopdf)             Output file: <Figures//logo_unige-eps-converted-to.pdf>
(epstopdf)                    date: 2023-05-25 11:20:32
(epstopdf)                    size: 12471 bytes
(epstopdf)             Command: <repstopdf --outfile=Figures//logo_unige-eps-co
nverted-to.pdf Figures//logo_unige.eps>
(epstopdf)             \includegraphics on input line 97.
Package epstopdf Info: Output file is already uptodate.


pdfTeX warning: /usr/bin/pdflatex (file ./Figures//logo_unige-eps-converted-to.
pdf): PDF inclusion: found PDF version <1.7>, but at most version <1.5> allowed

<Figures//logo_unige-eps-converted-to.pdf, id=184, 191.71625pt x 163.61125pt>
File: Figures//logo_unige-eps-converted-to.pdf Graphic file (type pdf)
<use Figures//logo_unige-eps-converted-to.pdf>
Package pdftex.def Info: Figures//logo_unige-eps-converted-to.pdf  used on inpu
t line 97.
(pdftex.def)             Requested size: 142.26378pt x 121.41493pt.
LaTeX Font Info:    Trying to load font information for U+msa on input line 97.

(/usr/share/texlive/texmf-dist/tex/latex/amsfonts/umsa.fd
File: umsa.fd 2013/01/14 v3.01 AMS symbols A
)
LaTeX Font Info:    Trying to load font information for U+msb on input line 97.


(/usr/share/texlive/texmf-dist/tex/latex/amsfonts/umsb.fd
File: umsb.fd 2013/01/14 v3.01 AMS symbols B
)
Underfull \hbox (badness 10000) has occurred while \output is active
[]
 []

[1

{/var/lib/texmf/fonts/map/pdftex/updmap/pdftex.map} <./Figures//logo_unige-eps-
converted-to.pdf>] [2]
Underfull \hbox (badness 10000) has occurred while \output is active
[]
 []

[3]
\openout2 = `Originality/originality.aux'.

 (./Originality/originality.tex
Underfull \hbox (badness 10000) has occurred while \output is active
[]
 []

[1


])
\openout2 = `Acknowledgement/acknowledgement.aux'.

 (./Acknowledgement/acknowledgement.tex
Underfull \hbox (badness 10000) has occurred while \output is active
[]
 []

[2



])
\openout2 = `Abstract/abstract.aux'.

 (./Abstract/abstract.tex
Overfull \hbox (6.68794pt too wide) in paragraph at lines 21--28
[]\OT1/qbk/m/n/12 The use of robotic sys-tem for in-dus-trial ap-pli-ca-tion ha
s steadily
 []


Overfull \hbox (28.82799pt too wide) in paragraph at lines 21--28
\OT1/qbk/m/n/12 shift of the min-i-mum dis-tance point and reach-ing of ill-con
ditioned
 []


Underfull \hbox (badness 10000) has occurred while \output is active
[]
 []

[3



]) (./RobEngThesisTemplate.toc [4
\FN@pp@footnotehinttrue 

\FN@pp@footnotehinttrue 


])
\tf@toc=\write5
\openout5 = `RobEngThesisTemplate.toc'.

 [5] (./RobEngThesisTemplate.lof
LaTeX Font Info:    Trying to load font information for OT1+qcr on input line 2
4.

(/usr/share/texmf/tex/latex/tex-gyre/ot1qcr.fd
File: ot1qcr.fd 2009/09/25 v1.2 font definition file for OT1/qcr
) [6

])
\tf@lof=\write6
\openout6 = `RobEngThesisTemplate.lof'.

 [7]
\openout2 = `Chapter1/chapter1.aux'.


(./Chapter1/chapter1.tex
Chapter 1.
LaTeX Font Info:    Trying to load font information for TS1+qbk on input line 1
4.
(/usr/share/texmf/tex/latex/tex-gyre/ts1qbk.fd
File: ts1qbk.fd 2009/09/25 v1.2 font definition file for TS1/qbk
)pdfTeX warning (ext4): destination with the same identifier (name{page.1}) has
 been already used, duplicate ignored
<to be read again> 
                   \relax 
l.23 
      [1



]
Overfull \hbox (2.04654pt too wide) in paragraph at lines 24--25
\OT1/qbk/m/n/12 that dif-fer-en-ti-ate it from con-ven-tional human-robot col-l
ab-o-ra-tion frame-
 []

pdfTeX warning (ext4): destination with the same identifier (name{page.2}) has 
been already used, duplicate ignored
<to be read again> 
                   \relax 
l.38 
      [2])pdfTeX warning (ext4): destination with the same identifier (name{pag
e.3}) has been already used, duplicate ignored
<to be read again> 
                   \relax 
l.116 \include{Chapter1/chapter1}
                                  [3]
\openout2 = `Chapter2/chapter2.aux'.

 (./Chapter2/chapter2.tex
Chapter 2.
<Chapter2/Figures//SuperDragon.png, id=399, 425.59pt x 311.1625pt>
File: Chapter2/Figures//SuperDragon.png Graphic file (type png)
<use Chapter2/Figures//SuperDragon.png>
Package pdftex.def Info: Chapter2/Figures//SuperDragon.png  used on input line 
23.
(pdftex.def)             Requested size: 340.47244pt x 248.93034pt.
[4




]
<Chapter2/Figures//cardio_arm.jpg, id=410, 220.825pt x 313.17pt>
File: Chapter2/Figures//cardio_arm.jpg Graphic file (type jpg)
<use Chapter2/Figures//cardio_arm.jpg>
Package pdftex.def Info: Chapter2/Figures//cardio_arm.jpg  used on input line 3
0.
(pdftex.def)             Requested size: 176.66022pt x 250.53633pt.
 [5 <./Chapter2/Figures//SuperDragon.png> <./Chapter2/Figures//cardio_arm.jpg>]
 [6]
<Chapter2/Figures//SDA10_500_dualArmManipulator.jpg, id=423, 120.45pt x 120.45p
t>
File: Chapter2/Figures//SDA10_500_dualArmManipulator.jpg Graphic file (type jpg
)
<use Chapter2/Figures//SDA10_500_dualArmManipulator.jpg>
Package pdftex.def Info: Chapter2/Figures//SDA10_500_dualArmManipulator.jpg  us
ed on input line 64.
(pdftex.def)             Requested size: 180.67453pt x 180.67453pt.
 [7 <./Chapter2/Figures//SDA10_500_dualArmManipulator.jpg>]
<Chapter2/Figures//ANAT-robot-arm.jpeg, id=439, 853.1875pt x 383.4325pt>
File: Chapter2/Figures//ANAT-robot-arm.jpeg Graphic file (type jpg)
<use Chapter2/Figures//ANAT-robot-arm.jpeg>
Package pdftex.def Info: Chapter2/Figures//ANAT-robot-arm.jpeg  used on input l
ine 94.
(pdftex.def)             Requested size: 383.93083pt x 172.54303pt.
 [8 <./Chapter2/Figures//ANAT-robot-arm.jpeg>]
Overfull \hbox (3.74194pt too wide) in paragraph at lines 123--125
\OT1/qbk/m/n/12 stan-dard choice for \OT1/qbk/m/it/12 dy-namic obstacle-avoidan
ce con-trol\OT1/qbk/m/n/12 , I could not adopt
 []


Underfull \hbox (badness 10000) in paragraph at lines 123--125

 []


Underfull \hbox (badness 10000) in paragraph at lines 128--129

 []

<Chapter2/Figures//macro_micro_example.png, id=462, 618.31pt x 608.2725pt>
File: Chapter2/Figures//macro_micro_example.png Graphic file (type png)
<use Chapter2/Figures//macro_micro_example.png>
Package pdftex.def Info: Chapter2/Figures//macro_micro_example.png  used on inp
ut line 133.
(pdftex.def)             Requested size: 278.23692pt x 273.7201pt.
[9]
<Chapter2/Figures//MacroMicro_surgical.png, id=473, 561.09625pt x 578.16pt>
File: Chapter2/Figures//MacroMicro_surgical.png Graphic file (type png)
<use Chapter2/Figures//MacroMicro_surgical.png>
Package pdftex.def Info: Chapter2/Figures//MacroMicro_surgical.png  used on inp
ut line 152.
(pdftex.def)             Requested size: 252.49098pt x 260.16959pt.
 [10 <./Chapter2/Figures//macro_micro_example.png>] [11 <./Chapter2/Figures//Ma
croMicro_surgical.png>]
<Chapter2/Figures//Direct-visual-servoing-scheme.jpeg, id=487, 69.81282pt x 31.
0761pt>
File: Chapter2/Figures//Direct-visual-servoing-scheme.jpeg Graphic file (type j
pg)
<use Chapter2/Figures//Direct-visual-servoing-scheme.jpeg>
Package pdftex.def Info: Chapter2/Figures//Direct-visual-servoing-scheme.jpeg  
used on input line 181.
(pdftex.def)             Requested size: 349.06319pt x 155.38002pt.
<Chapter2/Figures//stereoVision_schema.png, id=492, 865.2325pt x 331.2375pt>
File: Chapter2/Figures//stereoVision_schema.png Graphic file (type png)
<use Chapter2/Figures//stereoVision_schema.png>
Package pdftex.def Info: Chapter2/Figures//stereoVision_schema.png  used on inp
ut line 194.
(pdftex.def)             Requested size: 346.08687pt x 132.49265pt.
 [12 <./Chapter2/Figures//Direct-visual-servoing-scheme.jpeg>]
Overfull \hbox (5.5541pt too wide) in paragraph at lines 205--206
\OT1/qbk/m/n/12 im-ple-men-ta-tion that is task and en-vi-ron-ment spe-cific, w
hich means
 []

[13 <./Chapter2/Figures//stereoVision_schema.png>]
<Chapter2/Figures//workspace_sensor.png, id=511, 454.69875pt x 382.42876pt>
File: Chapter2/Figures//workspace_sensor.png Graphic file (type png)
<use Chapter2/Figures//workspace_sensor.png>
Package pdftex.def Info: Chapter2/Figures//workspace_sensor.png  used on input 
line 227.
(pdftex.def)             Requested size: 202.15909pt x 170.03145pt.
<Chapter2/Figures//sensorKinectV2.png, id=512, 454.69875pt x 382.42876pt>
File: Chapter2/Figures//sensorKinectV2.png Graphic file (type png)
<use Chapter2/Figures//sensorKinectV2.png>
Package pdftex.def Info: Chapter2/Figures//sensorKinectV2.png  used on input li
ne 233.
(pdftex.def)             Requested size: 202.15909pt x 170.03145pt.
<Chapter2/Figures//sensorOmronLidar.png, id=513, 447.6725pt x 275.0275pt>
File: Chapter2/Figures//sensorOmronLidar.png Graphic file (type png)
<use Chapter2/Figures//sensorOmronLidar.png>
Package pdftex.def Info: Chapter2/Figures//sensorOmronLidar.png  used on input 
line 241.
(pdftex.def)             Requested size: 202.15909pt x 124.19766pt.
<Chapter2/Figures//sensotIntelRealSense.png, id=514, 475.7775pt x 284.06125pt>
File: Chapter2/Figures//sensotIntelRealSense.png Graphic file (type png)
<use Chapter2/Figures//sensotIntelRealSense.png>
Package pdftex.def Info: Chapter2/Figures//sensotIntelRealSense.png  used on in
put line 247.
(pdftex.def)             Requested size: 202.15909pt x 120.70058pt.
 [14] [15 <./Chapter2/Figures//workspace_sensor.png> <./Chapter2/Figures//senso
rKinectV2.png> <./Chapter2/Figures//sensorOmronLidar.png> <./Chapter2/Figures//
sensotIntelRealSense.png>]
<Chapter2/Figures//obav_scheme.png, id=538, 686.565pt x 630.355pt>
File: Chapter2/Figures//obav_scheme.png Graphic file (type png)
<use Chapter2/Figures//obav_scheme.png>
Package pdftex.def Info: Chapter2/Figures//obav_scheme.png  used on input line 
270.
(pdftex.def)             Requested size: 240.30135pt x 220.62755pt.

[16] [17 <./Chapter2/Figures//obav_scheme.png>]
<Chapter2/Figures//sense_plan_act.png, id=561, 448.67625pt x 155.58125pt>
File: Chapter2/Figures//sense_plan_act.png Graphic file (type png)
<use Chapter2/Figures//sense_plan_act.png>
Package pdftex.def Info: Chapter2/Figures//sense_plan_act.png  used on input li
ne 302.
(pdftex.def)             Requested size: 358.94148pt x 124.46515pt.
<Chapter2/Figures//sense_act.png, id=564, 302.12875pt x 151.56625pt>
File: Chapter2/Figures//sense_act.png Graphic file (type png)
<use Chapter2/Figures//sense_act.png>
Package pdftex.def Info: Chapter2/Figures//sense_act.png  used on input line 31
3.
(pdftex.def)             Requested size: 241.70332pt x 121.25316pt.
 [18 <./Chapter2/Figures//sense_plan_act.png>]) [19 <./Chapter2/Figures//sense_
act.png>]
\openout2 = `Chapter3/chapter3.aux'.


(./Chapter3/chapter3.tex
Chapter 3.

Overfull \hbox (6.35522pt too wide) in paragraph at lines 31--32
[]$\OML/cmm/b/it/12 V$ \OT1/qbk/m/n/12 : right or-thonor-mal ma-trix of the SVD
 de-com-po-si-tion for $\OML/cmm/b/it/12 X[]AX \OT1/cmr/m/n/12 +
 []

[20




]
Underfull \hbox (badness 10000) in paragraph at lines 49--51

 []


Underfull \hbox (badness 10000) in paragraph at lines 58--59

 []


Underfull \hbox (badness 10000) in paragraph at lines 60--63

 []

[21]
<Chapter3/Figures//ActFcn.jpg, id=603, 1783.66376pt x 954.56625pt>
File: Chapter3/Figures//ActFcn.jpg Graphic file (type jpg)
<use Chapter3/Figures//ActFcn.jpg>
Package pdftex.def Info: Chapter3/Figures//ActFcn.jpg  used on input line 81.
(pdftex.def)             Requested size: 499.42245pt x 267.27673pt.

Overfull \hbox (18.28162pt too wide) in paragraph at lines 80--82
 []|  [] 
 []


Underfull \hbox (badness 10000) in paragraph at lines 85--89

 []

<Chapter3/Figures//DecreasingActFcn_realValues_good.jpg, id=604, 1699.34875pt x
 1012.78375pt>
File: Chapter3/Figures//DecreasingActFcn_realValues_good.jpg Graphic file (type
 jpg)
<use Chapter3/Figures//DecreasingActFcn_realValues_good.jpg>
Package pdftex.def Info: Chapter3/Figures//DecreasingActFcn_realValues_good.jpg
  used on input line 93.
(pdftex.def)             Requested size: 475.8144pt x 283.57751pt.

Overfull \hbox (14.59041pt too wide) in paragraph at lines 92--94
 []|  [] 
 []

[22 <./Chapter3/Figures//ActFcn.jpg>]
Underfull \hbox (badness 10000) in paragraph at lines 97--102

 []

[23 <./Chapter3/Figures//DecreasingActFcn_realValues_good.jpg>]
Underfull \hbox (badness 10000) in paragraph at lines 139--144

 []

[24]
Underfull \hbox (badness 10000) in paragraph at lines 218--222

 []

[25]
<Chapter3/Figures//jl_activation_good.jpg, id=638, 1623.06375pt x 986.68625pt>
File: Chapter3/Figures//jl_activation_good.jpg Graphic file (type jpg)
<use Chapter3/Figures//jl_activation_good.jpg>
Package pdftex.def Info: Chapter3/Figures//jl_activation_good.jpg  used on inpu
t line 241.
(pdftex.def)             Requested size: 454.45476pt x 276.27026pt.
 [26]
Underfull \hbox (badness 10000) in paragraph at lines 250--255

 []


Underfull \hbox (badness 10000) in paragraph at lines 250--255

 []

[27 <./Chapter3/Figures//jl_activation_good.jpg>]
Underfull \hbox (badness 10000) in paragraph at lines 261--266

 []


Underfull \hbox (badness 10000) in paragraph at lines 261--266

 []

<Chapter3/Figures//DecreasingActFcn_realValues_good_minalt.jpg, id=650, 1641.13
126pt x 986.68625pt>
File: Chapter3/Figures//DecreasingActFcn_realValues_good_minalt.jpg Graphic fil
e (type jpg)
<use Chapter3/Figures//DecreasingActFcn_realValues_good_minalt.jpg>
Package pdftex.def Info: Chapter3/Figures//DecreasingActFcn_realValues_good_min
alt.jpg  used on input line 270.
(pdftex.def)             Requested size: 492.34319pt x 296.00815pt.

Overfull \hbox (15.4701pt too wide) in paragraph at lines 269--271
 []|  [] 
 []


Underfull \hbox (badness 10000) in paragraph at lines 277--282

 []

[28 <./Chapter3/Figures//DecreasingActFcn_realValues_good_minalt.jpg>])
[29]
\openout2 = `Chapter4/chapter4.aux'.

 (./Chapter4/chapter4.tex
Chapter 4.
<Chapter4/Figures//Real_system.jpg, id=661, 1284.8pt x 1052.93375pt>
File: Chapter4/Figures//Real_system.jpg Graphic file (type jpg)
<use Chapter4/Figures//Real_system.jpg>
Package pdftex.def Info: Chapter4/Figures//Real_system.jpg  used on input line 
21.
(pdftex.def)             Requested size: 359.74155pt x 294.81944pt.
<Chapter4/Figures//sensor_sleeve.png, id=662, 1541.76pt x 1027.84pt>
File: Chapter4/Figures//sensor_sleeve.png Graphic file (type png)
<use Chapter4/Figures//sensor_sleeve.png>
Package pdftex.def Info: Chapter4/Figures//sensor_sleeve.png  used on input lin
e 30.
(pdftex.def)             Requested size: 268.1647pt x 178.77684pt.
<Chapter4/Figures//tof.png, id=663, 283.0575pt x 256.96pt>
File: Chapter4/Figures//tof.png Graphic file (type png)
<use Chapter4/Figures//tof.png>
Package pdftex.def Info: Chapter4/Figures//tof.png  used on input line 36.
(pdftex.def)             Requested size: 123.77074pt x 112.35698pt.
<Chapter4/Figures//pressure_sensor.png, id=664, 304.13625pt x 307.1475pt>
File: Chapter4/Figures//pressure_sensor.png Graphic file (type png)
<use Chapter4/Figures//pressure_sensor.png>
Package pdftex.def Info: Chapter4/Figures//pressure_sensor.png  used on input l
ine 39.
(pdftex.def)             Requested size: 123.77074pt x 124.99394pt.

Underfull \hbox (badness 10000) in paragraph at lines 40--40
[]\OT1/qbk/m/n/10.95 (c) |Pres-sure sen-sor
 []

[30




 <./Chapter4/Figures//Real_system.jpg>]

LaTeX Warning: Command \textdegree invalid in math mode on input line 45.


LaTeX Warning: Command \textdegree invalid in math mode on input line 45.

Missing character: There is no ° in font cmr12!
<Chapter4/Figures//simulation_node_diagram.png, id=670, 1285.80376pt x 433.62pt
>
File: Chapter4/Figures//simulation_node_diagram.png Graphic file (type png)
<use Chapter4/Figures//simulation_node_diagram.png>
Package pdftex.def Info: Chapter4/Figures//simulation_node_diagram.png  used on
 input line 52.
(pdftex.def)             Requested size: 385.74411pt x 130.087pt.
[31 <./Chapter4/Figures//sensor_sleeve.png> <./Chapter4/Figures//tof.png> <./Ch
apter4/Figures//pressure_sensor.png>]
Overfull \hbox (9.53316pt too wide) in paragraph at lines 62--64
\OT1/qbk/m/n/12 For the \OT1/qbk/m/it/12 Ur10e \OT1/qbk/m/n/12 it is avail-able
 a docker kine-matic sim-u-la-tor, \OT1/qbk/m/it/12 ur-sim polyscope
 []


Overfull \hbox (8.38422pt too wide) in paragraph at lines 65--65
[]\OT1/qbk/b/n/17.28 Unified Robot Ar-chi-tec-ture: Join-tRobotTP
 []

<Chapter4/Figures//simplified_class_structure.png, id=679, 693.59125pt x 422.57
875pt>
File: Chapter4/Figures//simplified_class_structure.png Graphic file (type png)
<use Chapter4/Figures//simplified_class_structure.png>
Package pdftex.def Info: Chapter4/Figures//simplified_class_structure.png  used
 on input line 71.
(pdftex.def)             Requested size: 346.79477pt x 211.28885pt.

Underfull \hbox (badness 10000) in paragraph at lines 66--74

 []

[32 <./Chapter4/Figures//simulation_node_diagram.png>]
Overfull \hbox (1.85463pt too wide) in paragraph at lines 81--84
\OT1/qbk/m/n/12 The trans-for-ma-tion buffer con-tain the kine-matic chain of t
he two robots,
 []


Underfull \hbox (badness 10000) in paragraph at lines 81--84

 []

[33 <./Chapter4/Figures//simplified_class_structure.png>]
Overfull \hbox (1.77327pt too wide) in paragraph at lines 99--116
[]\OT1/qbk/m/n/12 The uni-fied robot class im-ple-men-ta-tion main \OT1/qbk/m/i
t/12 meth-ods \OT1/qbk/m/n/12 and \OT1/qbk/m/it/12 data struc-
 []

<Chapter4/Figures//initialize_diagram.png, id=693, 302.12875pt x 554.07pt>
File: Chapter4/Figures//initialize_diagram.png Graphic file (type png)
<use Chapter4/Figures//initialize_diagram.png>
Package pdftex.def Info: Chapter4/Figures//initialize_diagram.png  used on inpu
t line 123.
(pdftex.def)             Requested size: 151.064pt x 277.03432pt.

Overfull \hbox (14.57324pt too wide) in paragraph at lines 127--130
\OT1/qbk/m/n/12 In the first step, the the robots nodes \OT1/qbk/m/it/12 kuka[]
robot[]node \OT1/qbk/m/n/12 and \OT1/qbk/m/it/12 ur10[]robot[]node
 []

[34 <./Chapter4/Figures//initialize_diagram.png>] [35]
Overfull \hbox (3.3211pt too wide) in paragraph at lines 164--164
[]\OT1/qbk/b/n/17.28 Unified Robot Ar-chi-tec-ture: Ac-tion server 
 []

<Chapter4/Figures//JointControlLoopDiagram.png, id=707, 783.92876pt x 793.96625
pt>
File: Chapter4/Figures//JointControlLoopDiagram.png Graphic file (type png)
<use Chapter4/Figures//JointControlLoopDiagram.png>
Package pdftex.def Info: Chapter4/Figures//JointControlLoopDiagram.png  used on
 input line 171.
(pdftex.def)             Requested size: 313.56595pt x 317.58087pt.
[36]
<Chapter4/Figures//Action_server_flowChart.png, id=712, 382.42876pt x 653.44125
pt>
File: Chapter4/Figures//Action_server_flowChart.png Graphic file (type png)
<use Chapter4/Figures//Action_server_flowChart.png>
Package pdftex.def Info: Chapter4/Figures//Action_server_flowChart.png  used on
 input line 182.
(pdftex.def)             Requested size: 191.2139pt x 326.71982pt.
 [37 <./Chapter4/Figures//JointControlLoopDiagram.png>]
Overfull \hbox (34.3387pt too wide) in paragraph at lines 189--189
[]\OT1/qbk/b/n/17.28 Unified Robot Ar-chi-tec-ture: Con-trol alorithm 
 []

[38 <./Chapter4/Figures//Action_server_flowChart.png>]
<Chapter4/Figures//Reaching_loop_flowChart.png, id=724, 563.10374pt x 1064.9787
4pt>
File: Chapter4/Figures//Reaching_loop_flowChart.png Graphic file (type png)
<use Chapter4/Figures//Reaching_loop_flowChart.png>
Package pdftex.def Info: Chapter4/Figures//Reaching_loop_flowChart.png  used on
 input line 207.
(pdftex.def)             Requested size: 225.2375pt x 425.98395pt.
 [39] [40 <./Chapter4/Figures//Reaching_loop_flowChart.png>]) [41]
\openout2 = `Chapter5/chapter5.aux'.

 (./Chapter5/chapter5.tex
Chapter 5.
<Chapter5/Figures//single_obstacle_isom.png, id=739, 1445.4pt x 743.77875pt>
File: Chapter5/Figures//single_obstacle_isom.png Graphic file (type png)
<use Chapter5/Figures//single_obstacle_isom.png>
Package pdftex.def Info: Chapter5/Figures//single_obstacle_isom.png  used on in
put line 14.
(pdftex.def)             Requested size: 202.15909pt x 104.02617pt.
<Chapter5/Figures//single_obstacle_top.png, id=740, 1445.4pt x 743.77875pt>
File: Chapter5/Figures//single_obstacle_top.png Graphic file (type png)
<use Chapter5/Figures//single_obstacle_top.png>
Package pdftex.def Info: Chapter5/Figures//single_obstacle_top.png  used on inp
ut line 20.
(pdftex.def)             Requested size: 202.15909pt x 104.02617pt.
<Chapter5/Figures//multi_obstacle_isom.png, id=741, 1445.4pt x 743.77875pt>
File: Chapter5/Figures//multi_obstacle_isom.png Graphic file (type png)
<use Chapter5/Figures//multi_obstacle_isom.png>
Package pdftex.def Info: Chapter5/Figures//multi_obstacle_isom.png  used on inp
ut line 28.
(pdftex.def)             Requested size: 202.15909pt x 104.02617pt.
<Chapter5/Figures//multi_obstacle_top.png, id=742, 1445.4pt x 743.77875pt>
File: Chapter5/Figures//multi_obstacle_top.png Graphic file (type png)
<use Chapter5/Figures//multi_obstacle_top.png>
Package pdftex.def Info: Chapter5/Figures//multi_obstacle_top.png  used on inpu
t line 34.
(pdftex.def)             Requested size: 202.15909pt x 104.02617pt.
<Chapter5/Figures//chassis_obstacle_isom.png, id=743, 1445.4pt x 743.77875pt>
File: Chapter5/Figures//chassis_obstacle_isom.png Graphic file (type png)
<use Chapter5/Figures//chassis_obstacle_isom.png>
Package pdftex.def Info: Chapter5/Figures//chassis_obstacle_isom.png  used on i
nput line 43.
(pdftex.def)             Requested size: 412.56496pt x 212.29692pt.
<Chapter5/Figures//chassis_obstacle_top.png, id=744, 1445.4pt x 743.77875pt>
File: Chapter5/Figures//chassis_obstacle_top.png Graphic file (type png)
<use Chapter5/Figures//chassis_obstacle_top.png>
Package pdftex.def Info: Chapter5/Figures//chassis_obstacle_top.png  used on in
put line 46.
(pdftex.def)             Requested size: 202.15909pt x 104.02617pt.
<Chapter5/Figures//chassis_obstacle_side.png, id=745, 1445.4pt x 743.77875pt>
File: Chapter5/Figures//chassis_obstacle_side.png Graphic file (type png)
<use Chapter5/Figures//chassis_obstacle_side.png>
Package pdftex.def Info: Chapter5/Figures//chassis_obstacle_side.png  used on i
nput line 50.
(pdftex.def)             Requested size: 202.15909pt x 104.02617pt.
[42




 <./Chapter5/Figures//single_obstacle_isom.png (PNG copy)> <./Chapter5/Figures/
/single_obstacle_top.png (PNG copy)> <./Chapter5/Figures//multi_obstacle_isom.p
ng (PNG copy)> <./Chapter5/Figures//multi_obstacle_top.png (PNG copy)>]

Package hyperref Warning: Difference (2) between bookmark levels is greater 
(hyperref)                than one, level fixed on input line 56.

<Chapter5/Figures//gain_tuning_exp.jpg, id=753, 1927.2pt x 991.705pt>
File: Chapter5/Figures//gain_tuning_exp.jpg Graphic file (type jpg)
<use Chapter5/Figures//gain_tuning_exp.jpg>
Package pdftex.def Info: Chapter5/Figures//gain_tuning_exp.jpg  used on input l
ine 63.
(pdftex.def)             Requested size: 539.61234pt x 277.6755pt.

Overfull \hbox (64.16196pt too wide) in paragraph at lines 62--65
 []|  [] 
 []

[43 <./Chapter5/Figures//chassis_obstacle_isom.png (PNG copy)> <./Chapter5/Figu
res//chassis_obstacle_top.png (PNG copy)> <./Chapter5/Figures//chassis_obstacle
_side.png (PNG copy)>]
Underfull \hbox (badness 10000) in paragraph at lines 66--80

 []

<Chapter5/Figures//robot_effects_graph.jpg, id=758, 1927.2pt x 991.705pt>
File: Chapter5/Figures//robot_effects_graph.jpg Graphic file (type jpg)
<use Chapter5/Figures//robot_effects_graph.jpg>
Package pdftex.def Info: Chapter5/Figures//robot_effects_graph.jpg  used on inp
ut line 85.
(pdftex.def)             Requested size: 539.61234pt x 277.6755pt.

Overfull \hbox (64.16196pt too wide) in paragraph at lines 84--86
 []|  [] 
 []

[44 <./Chapter5/Figures//gain_tuning_exp.jpg>]
<Chapter5/Figures//init_pose_jl.png, id=765, 813.0375pt x 661.47125pt>
File: Chapter5/Figures//init_pose_jl.png Graphic file (type png)
<use Chapter5/Figures//init_pose_jl.png>
Package pdftex.def Info: Chapter5/Figures//init_pose_jl.png  used on input line
 94.
(pdftex.def)             Requested size: 412.56496pt x 335.6502pt.
<Chapter5/Figures//final_pose_001_05.png, id=766, 814.04124pt x 554.07pt>
File: Chapter5/Figures//final_pose_001_05.png Graphic file (type png)
<use Chapter5/Figures//final_pose_001_05.png>
Package pdftex.def Info: Chapter5/Figures//final_pose_001_05.png  used on input
 line 98.
(pdftex.def)             Requested size: 202.15909pt x 137.59563pt.
<Chapter5/Figures//final_pose_05_005.png, id=767, 822.07124pt x 469.755pt>
File: Chapter5/Figures//final_pose_05_005.png Graphic file (type png)
<use Chapter5/Figures//final_pose_05_005.png>
Package pdftex.def Info: Chapter5/Figures//final_pose_05_005.png  used on input
 line 103.
(pdftex.def)             Requested size: 202.15909pt x 115.51747pt.
 [45 <./Chapter5/Figures//robot_effects_graph.jpg>]
<Chapter5/Figures//jvcompar_001_05.jpg, id=773, 1927.2pt x 991.705pt>
File: Chapter5/Figures//jvcompar_001_05.jpg Graphic file (type jpg)
<use Chapter5/Figures//jvcompar_001_05.jpg>
Package pdftex.def Info: Chapter5/Figures//jvcompar_001_05.jpg  used on input l
ine 111.
(pdftex.def)             Requested size: 412.56496pt x 212.28935pt.
<Chapter5/Figures//jvcompar_05_005.jpg, id=774, 1927.2pt x 991.705pt>
File: Chapter5/Figures//jvcompar_05_005.jpg Graphic file (type jpg)
<use Chapter5/Figures//jvcompar_05_005.jpg>
Package pdftex.def Info: Chapter5/Figures//jvcompar_05_005.jpg  used on input l
ine 116.
(pdftex.def)             Requested size: 412.56496pt x 212.28935pt.
 [46 <./Chapter5/Figures//init_pose_jl.png> <./Chapter5/Figures//final_pose_001
_05.png> <./Chapter5/Figures//final_pose_05_005.png>]
[47 <./Chapter5/Figures//jvcompar_001_05.jpg> <./Chapter5/Figures//jvcompar_05_
005.jpg>]
<Chapter5/Figures//obav_norm_noReach_test.jpg, id=790, 2569.6pt x 1353.055pt>
File: Chapter5/Figures//obav_norm_noReach_test.jpg Graphic file (type jpg)
<use Chapter5/Figures//obav_norm_noReach_test.jpg>
Package pdftex.def Info: Chapter5/Figures//obav_norm_noReach_test.jpg  used on 
input line 133.
(pdftex.def)             Requested size: 565.31375pt x 297.67302pt.

Overfull \hbox (84.17291pt too wide) in paragraph at lines 132--134
 []|  [] 
 []

[48 <./Chapter5/Figures//obav_norm_noReach_test.jpg>]
Overfull \hbox (0.37392pt too wide) in paragraph at lines 156--158
\OMS/cmsy/m/n/12 h[]i$ \OT1/qbk/m/n/12 frame. And the \OT1/qbk/m/it/12 goal \OT
1/qbk/m/n/12 of all the test con-ducted in this tranche
 []

<Chapter5/Figures//sing_obst_sing_tg_taskImage.png, id=796, 1040.88875pt x 831.
105pt>
File: Chapter5/Figures//sing_obst_sing_tg_taskImage.png Graphic file (type png)

<use Chapter5/Figures//sing_obst_sing_tg_taskImage.png>
Package pdftex.def Info: Chapter5/Figures//sing_obst_sing_tg_taskImage.png  use
d on input line 171.
(pdftex.def)             Requested size: 202.15909pt x 161.41171pt.
<Chapter5/Figures//ob_sing_tg_sing_schema.jpg, id=797, 1856.9375pt x 964.60374p
t>
File: Chapter5/Figures//ob_sing_tg_sing_schema.jpg Graphic file (type jpg)
<use Chapter5/Figures//ob_sing_tg_sing_schema.jpg>
Package pdftex.def Info: Chapter5/Figures//ob_sing_tg_sing_schema.jpg  used on 
input line 175.
(pdftex.def)             Requested size: 202.15909pt x 105.00284pt.
<Chapter5/Figures//activation_min_dist_plot.jpg, id=798, 2569.6pt x 1353.055pt>

File: Chapter5/Figures//activation_min_dist_plot.jpg Graphic file (type jpg)
<use Chapter5/Figures//activation_min_dist_plot.jpg>
Package pdftex.def Info: Chapter5/Figures//activation_min_dist_plot.jpg  used o
n input line 184.
(pdftex.def)             Requested size: 565.31375pt x 297.67302pt.

Overfull \hbox (75.637pt too wide) in paragraph at lines 183--185
 []|  [] 
 []

[49 <./Chapter5/Figures//sing_obst_sing_tg_taskImage.png> <./Chapter5/Figures//
ob_sing_tg_sing_schema.jpg>]
Underfull \hbox (badness 10000) in paragraph at lines 189--190

 []

<Chapter5/Figures//activation_min_dist_position_plot.jpg, id=807, 1927.2pt x 99
1.705pt>
File: Chapter5/Figures//activation_min_dist_position_plot.jpg Graphic file (typ
e jpg)
<use Chapter5/Figures//activation_min_dist_position_plot.jpg>
Package pdftex.def Info: Chapter5/Figures//activation_min_dist_position_plot.jp
g  used on input line 194.
(pdftex.def)             Requested size: 578.16447pt x 297.5138pt.

Overfull \hbox (88.48772pt too wide) in paragraph at lines 193--195
 []|  [] 
 []

[50 <./Chapter5/Figures//activation_min_dist_plot.jpg>]
<Chapter5/Figures//activation_min_dist_position_plot_hyst.jpg, id=812, 1927.2pt
 x 991.705pt>
File: Chapter5/Figures//activation_min_dist_position_plot_hyst.jpg Graphic file
 (type jpg)
<use Chapter5/Figures//activation_min_dist_position_plot_hyst.jpg>
Package pdftex.def Info: Chapter5/Figures//activation_min_dist_position_plot_hy
st.jpg  used on input line 205.
(pdftex.def)             Requested size: 578.16447pt x 297.5138pt.

Overfull \hbox (88.48772pt too wide) in paragraph at lines 204--206
 []|  [] 
 []

[51 <./Chapter5/Figures//activation_min_dist_position_plot.jpg>]
<Chapter5/Figures//ob_sing_tg_multi_schema.jpg, id=818, 1856.9375pt x 964.60374
pt>
File: Chapter5/Figures//ob_sing_tg_multi_schema.jpg Graphic file (type jpg)
<use Chapter5/Figures//ob_sing_tg_multi_schema.jpg>
Package pdftex.def Info: Chapter5/Figures//ob_sing_tg_multi_schema.jpg  used on
 input line 216.
(pdftex.def)             Requested size: 557.08556pt x 289.38336pt.

Overfull \hbox (67.4088pt too wide) in paragraph at lines 215--217
 []|  [] 
 []

[52 <./Chapter5/Figures//activation_min_dist_position_plot_hyst.jpg>]
<Chapter5/Figures//sing_ob_multi_tg_normal_result.jpg, id=823, 1856.9375pt x 96
4.60374pt>
File: Chapter5/Figures//sing_ob_multi_tg_normal_result.jpg Graphic file (type j
pg)
<use Chapter5/Figures//sing_ob_multi_tg_normal_result.jpg>
Package pdftex.def Info: Chapter5/Figures//sing_ob_multi_tg_normal_result.jpg  
used on input line 241.
(pdftex.def)             Requested size: 519.93896pt x 270.0872pt.

Overfull \hbox (53.0245pt too wide) in paragraph at lines 240--243
 []|  [] 
 []

[53 <./Chapter5/Figures//ob_sing_tg_multi_schema.jpg>]
Underfull \hbox (badness 10000) in paragraph at lines 244--247

 []

[54 <./Chapter5/Figures//sing_ob_multi_tg_normal_result.jpg>]
<Chapter5/Figures//obav_multilink_3_link.jpg, id=837, 1856.9375pt x 964.60374pt
>
File: Chapter5/Figures//obav_multilink_3_link.jpg Graphic file (type jpg)
<use Chapter5/Figures//obav_multilink_3_link.jpg>
Package pdftex.def Info: Chapter5/Figures//obav_multilink_3_link.jpg  used on i
nput line 306.
(pdftex.def)             Requested size: 519.93896pt x 270.0872pt.

Overfull \hbox (53.0245pt too wide) in paragraph at lines 305--308
 []|  [] 
 []

<Chapter5/Figures//obav_multilink_6_link.jpg, id=838, 1856.9375pt x 964.60374pt
>
File: Chapter5/Figures//obav_multilink_6_link.jpg Graphic file (type jpg)
<use Chapter5/Figures//obav_multilink_6_link.jpg>
Package pdftex.def Info: Chapter5/Figures//obav_multilink_6_link.jpg  used on i
nput line 313.
(pdftex.def)             Requested size: 519.93896pt x 270.0872pt.

Overfull \hbox (53.0245pt too wide) in paragraph at lines 312--315
 []|  [] 
 []

[55 <./Chapter5/Figures//obav_multilink_3_link.jpg>]
<Chapter5/Figures//obav_multilink_9_link.jpg, id=846, 1856.9375pt x 964.60374pt
>
File: Chapter5/Figures//obav_multilink_9_link.jpg Graphic file (type jpg)
<use Chapter5/Figures//obav_multilink_9_link.jpg>
Package pdftex.def Info: Chapter5/Figures//obav_multilink_9_link.jpg  used on i
nput line 320.
(pdftex.def)             Requested size: 519.93896pt x 270.0872pt.

Overfull \hbox (53.0245pt too wide) in paragraph at lines 319--322
 []|  [] 
 []


Underfull \hbox (badness 10000) in paragraph at lines 324--325

 []

[56 <./Chapter5/Figures//obav_multilink_6_link.jpg> <./Chapter5/Figures//obav_m
ultilink_9_link.jpg>]
<Chapter5/Figures//ob_multi_tg_multi_schema.jpg, id=854, 1856.9375pt x 964.6037
4pt>
File: Chapter5/Figures//ob_multi_tg_multi_schema.jpg Graphic file (type jpg)
<use Chapter5/Figures//ob_multi_tg_multi_schema.jpg>
Package pdftex.def Info: Chapter5/Figures//ob_multi_tg_multi_schema.jpg  used o
n input line 333.
(pdftex.def)             Requested size: 557.08556pt x 289.38336pt.

Overfull \hbox (67.4088pt too wide) in paragraph at lines 332--334
 []|  [] 
 []

<Chapter5/Figures//singlelink_snake_results.jpg, id=855, 1856.9375pt x 964.6037
4pt>
File: Chapter5/Figures//singlelink_snake_results.jpg Graphic file (type jpg)
<use Chapter5/Figures//singlelink_snake_results.jpg>
Package pdftex.def Info: Chapter5/Figures//singlelink_snake_results.jpg  used o
n input line 341.
(pdftex.def)             Requested size: 519.93896pt x 270.0872pt.

Overfull \hbox (53.0245pt too wide) in paragraph at lines 340--342
 []|  [] 
 []

[57 <./Chapter5/Figures//ob_multi_tg_multi_schema.jpg>]
<Chapter5/Figures//multilink_snake_results_noExtraTg.jpg, id=861, 1856.9375pt x
 964.60374pt>
File: Chapter5/Figures//multilink_snake_results_noExtraTg.jpg Graphic file (typ
e jpg)
<use Chapter5/Figures//multilink_snake_results_noExtraTg.jpg>
Package pdftex.def Info: Chapter5/Figures//multilink_snake_results_noExtraTg.jp
g  used on input line 350.
(pdftex.def)             Requested size: 501.37984pt x 260.44649pt.

Overfull \hbox (34.46538pt too wide) in paragraph at lines 349--351
 []|  [] 
 []

[58 <./Chapter5/Figures//singlelink_snake_results.jpg>]
<Chapter5/Figures//multilink_snake_results_ExtraTg.jpg, id=866, 1856.9375pt x 9
64.60374pt>
File: Chapter5/Figures//multilink_snake_results_ExtraTg.jpg Graphic file (type 
jpg)
<use Chapter5/Figures//multilink_snake_results_ExtraTg.jpg>
Package pdftex.def Info: Chapter5/Figures//multilink_snake_results_ExtraTg.jpg 
 used on input line 359.
(pdftex.def)             Requested size: 501.37984pt x 260.44649pt.

Overfull \hbox (34.46538pt too wide) in paragraph at lines 358--360
 []|  [] 
 []

[59 <./Chapter5/Figures//multilink_snake_results_noExtraTg.jpg>]
<Chapter5/Figures//chassis_test1_schema.jpg, id=872, 1927.2pt x 991.705pt>
File: Chapter5/Figures//chassis_test1_schema.jpg Graphic file (type jpg)
<use Chapter5/Figures//chassis_test1_schema.jpg>
Package pdftex.def Info: Chapter5/Figures//chassis_test1_schema.jpg  used on in
put line 372.
(pdftex.def)             Requested size: 520.35097pt x 267.76393pt.

Overfull \hbox (53.43651pt too wide) in paragraph at lines 371--374
 []|  [] 
 []

[60 <./Chapter5/Figures//multilink_snake_results_ExtraTg.jpg>]
<Chapter5/Figures//t1_multi_failed_result.jpg, id=877, 1927.2pt x 991.705pt>
File: Chapter5/Figures//t1_multi_failed_result.jpg Graphic file (type jpg)
<use Chapter5/Figures//t1_multi_failed_result.jpg>
Package pdftex.def Info: Chapter5/Figures//t1_multi_failed_result.jpg  used on 
input line 380.
(pdftex.def)             Requested size: 520.35097pt x 267.76393pt.

Overfull \hbox (53.43651pt too wide) in paragraph at lines 379--382
 []|  [] 
 []

[61 <./Chapter5/Figures//chassis_test1_schema.jpg>]
<Chapter5/Figures//t1_multi_failure_photo.png, id=883, 1215.54124pt x 654.445pt
>
File: Chapter5/Figures//t1_multi_failure_photo.png Graphic file (type png)
<use Chapter5/Figures//t1_multi_failure_photo.png>
Package pdftex.def Info: Chapter5/Figures//t1_multi_failure_photo.png  used on 
input line 388.
(pdftex.def)             Requested size: 425.44582pt x 229.05917pt.

Overfull \hbox (4.05594pt too wide) in paragraph at lines 387--390
 []|  [] 
 []

[62 <./Chapter5/Figures//t1_multi_failed_result.jpg>]
<Chapter5/Figures//t1_multi_ok_result.jpg, id=890, 1927.2pt x 991.705pt>
File: Chapter5/Figures//t1_multi_ok_result.jpg Graphic file (type jpg)
<use Chapter5/Figures//t1_multi_ok_result.jpg>
Package pdftex.def Info: Chapter5/Figures//t1_multi_ok_result.jpg  used on inpu
t line 398.
(pdftex.def)             Requested size: 520.35097pt x 267.76393pt.

Overfull \hbox (53.43651pt too wide) in paragraph at lines 397--400
 []|  [] 
 []

[63 <./Chapter5/Figures//t1_multi_failure_photo.png>]
<Chapter5/Figures//t1_multi_result_6lnk.jpg, id=898, 1927.2pt x 991.705pt>
File: Chapter5/Figures//t1_multi_result_6lnk.jpg Graphic file (type jpg)
<use Chapter5/Figures//t1_multi_result_6lnk.jpg>
Package pdftex.def Info: Chapter5/Figures//t1_multi_result_6lnk.jpg  used on in
put line 406.
(pdftex.def)             Requested size: 520.35097pt x 267.76393pt.

Overfull \hbox (53.43651pt too wide) in paragraph at lines 405--408
 []|  [] 
 []

[64 <./Chapter5/Figures//t1_multi_ok_result.jpg>]
<Chapter5/Figures//t1_multi_failure_photo_6lnk.png, id=904, 1215.54124pt x 653.
44125pt>
File: Chapter5/Figures//t1_multi_failure_photo_6lnk.png Graphic file (type png)

<use Chapter5/Figures//t1_multi_failure_photo_6lnk.png>
Package pdftex.def Info: Chapter5/Figures//t1_multi_failure_photo_6lnk.png  use
d on input line 413.
(pdftex.def)             Requested size: 425.44582pt x 228.70786pt.

Overfull \hbox (4.05594pt too wide) in paragraph at lines 412--414
 []|  [] 
 []

[65 <./Chapter5/Figures//t1_multi_result_6lnk.jpg>]
<Chapter5/Figures//t1_multi_result_9lnk_LowDelta.jpg, id=910, 1927.2pt x 991.70
5pt>
File: Chapter5/Figures//t1_multi_result_9lnk_LowDelta.jpg Graphic file (type jp
g)
<use Chapter5/Figures//t1_multi_result_9lnk_LowDelta.jpg>
Package pdftex.def Info: Chapter5/Figures//t1_multi_result_9lnk_LowDelta.jpg  u
sed on input line 422.
(pdftex.def)             Requested size: 520.35097pt x 267.76393pt.

Overfull \hbox (53.43651pt too wide) in paragraph at lines 421--423
 []|  [] 
 []

[66 <./Chapter5/Figures//t1_multi_failure_photo_6lnk.png>]
<Chapter5/Figures//t1_single_lnk_result.jpg, id=916, 1927.2pt x 991.705pt>
File: Chapter5/Figures//t1_single_lnk_result.jpg Graphic file (type jpg)
<use Chapter5/Figures//t1_single_lnk_result.jpg>
Package pdftex.def Info: Chapter5/Figures//t1_single_lnk_result.jpg  used on in
put line 430.
(pdftex.def)             Requested size: 520.35097pt x 267.76393pt.

Overfull \hbox (53.43651pt too wide) in paragraph at lines 429--432
 []|  [] 
 []

[67 <./Chapter5/Figures//t1_multi_result_9lnk_LowDelta.jpg>]) [68 <./Chapter5/F
igures//t1_single_lnk_result.jpg>]
\openout2 = `Conclusions/conclusions.aux'.

 (./Conclusions/conclusions.tex
Chapter 6.

Underfull \hbox (badness 10000) in paragraph at lines 19--22

 []

[69




]) [70]
\openout2 = `Appendix1/appendix1.aux'.

 (./Appendix1/appendix1.tex
Appendix A.

Overfull \hbox (5.84167pt too wide) in paragraph at lines 29--29
[]|[]| 
 []


Overfull \hbox (25.82161pt too wide) in paragraph at lines 29--29
[]|[]| 
 []


Overfull \hbox (21.59766pt too wide) in paragraph at lines 29--29
[]|[]| 
 []

) [71




] [72] (./RobEngThesisTemplate.bbl (./RobEngThesisTemplate.brf)
\tf@brf=\write7
\openout7 = `RobEngThesisTemplate.brf'.

 [73


\FN@pp@footnotehinttrue 


] [74]) [75] (./RobEngThesisTemplate.aux (./Originality/originality.aux)
(./Acknowledgement/acknowledgement.aux) (./Abstract/abstract.aux)
(./Chapter1/chapter1.aux) (./Chapter2/chapter2.aux) (./Chapter3/chapter3.aux)
(./Chapter4/chapter4.aux) (./Chapter5/chapter5.aux)
(./Conclusions/conclusions.aux) (./Appendix1/appendix1.aux))
Package rerunfilecheck Info: File `RobEngThesisTemplate.out' has not changed.
(rerunfilecheck)             Checksum: 1623AF9E0A193D9AA1452CA6761B5EA7;8910.
Package rerunfilecheck Info: File `RobEngThesisTemplate.brf' has not changed.
(rerunfilecheck)             Checksum: 43854723D8DB111952347773A2833775;1862.
 ) 
Here is how much of TeX's memory you used:
 20897 strings out of 480171
 410359 string characters out of 5894490
 704343 words of memory out of 5000000
 38122 multiletter control sequences out of 15000+600000
 535420 words of font info for 102 fonts, out of 8000000 for 9000
 62 hyphenation exceptions out of 8191
 125i,15n,131p,1465b,917s stack positions out of 5000i,500n,10000p,200000b,80000s
pdfTeX warning (dest): name{francesco.giovinazzo@edu.unige.it} has been refer
enced but does not exist, replaced by a fixed one

pdfTeX warning (dest): name{francesco.grella@edu.unige.it} has been referenced 
but does not exist, replaced by a fixed one

pdfTeX warning (dest): name{giorgio.cannata@unige.it} has been referenced but d
oes not exist, replaced by a fixed one

pdfTeX warning (dest): name{http://www.unige.it} has been referenced but does n
ot exist, replaced by a fixed one

pdfTeX warning (dest): name{http://www.dibris.unige.it} has been referenced but
 does not exist, replaced by a fixed one

pdfTeX warning (dest): name{mailto:name@unige.it} has been referenced but does 
not exist, replaced by a fixed one

{/usr/share/texmf/fonts/enc/dvips/tex-gyre/q-rm-sc.enc}{/usr/share/texmf/fonts/
enc/dvips/tex-gyre/q-ts1.enc}{/usr/share/texmf/fonts/enc/dvips/tex-gyre/q-rmm.e
nc}{/usr/share/texmf/fonts/enc/dvips/tex-gyre/q-rm.enc}</usr/share/texlive/texm
f-dist/fonts/type1/public/amsfonts/cm/cmbx12.pfb></usr/share/texlive/texmf-dist
/fonts/type1/public/amsfonts/cm/cmex10.pfb></usr/share/texlive/texmf-dist/fonts
/type1/public/amsfonts/cm/cmmi10.pfb></usr/share/texlive/texmf-dist/fonts/type1
/public/amsfonts/cm/cmmi12.pfb></usr/share/texlive/texmf-dist/fonts/type1/publi
c/amsfonts/cm/cmmi6.pfb></usr/share/texlive/texmf-dist/fonts/type1/public/amsfo
nts/cm/cmmi8.pfb></usr/share/texlive/texmf-dist/fonts/type1/public/amsfonts/cm/
cmmib10.pfb></usr/share/texlive/texmf-dist/fonts/type1/public/amsfonts/cmextra/
cmmib8.pfb></usr/share/texlive/texmf-dist/fonts/type1/public/amsfonts/cm/cmr10.
pfb></usr/share/texlive/texmf-dist/fonts/type1/public/amsfonts/cm/cmr12.pfb></u
sr/share/texlive/texmf-dist/fonts/type1/public/amsfonts/cm/cmr6.pfb></usr/share
/texlive/texmf-dist/fonts/type1/public/amsfonts/cm/cmr8.pfb></usr/share/texlive
/texmf-dist/fonts/type1/public/amsfonts/cm/cmsy10.pfb></usr/share/texlive/texmf
-dist/fonts/type1/public/amsfonts/cm/cmsy6.pfb></usr/share/texlive/texmf-dist/f
onts/type1/public/amsfonts/cm/cmsy8.pfb></usr/share/texlive/texmf-dist/fonts/ty
pe1/public/amsfonts/symbols/msam10.pfb></usr/share/texlive/texmf-dist/fonts/typ
e1/public/amsfonts/symbols/msbm10.pfb></usr/share/texmf/fonts/type1/public/tex-
gyre/qbkb.pfb></usr/share/texmf/fonts/type1/public/tex-gyre/qbkr.pfb></usr/shar
e/texmf/fonts/type1/public/tex-gyre/qbkri.pfb></usr/share/texmf/fonts/type1/pub
lic/tex-gyre/qcrr.pfb>
Output written on RobEngThesisTemplate.pdf (85 pages, 12234295 bytes).
PDF statistics:
 1148 PDF objects out of 1200 (max. 8388607)
 911 compressed objects within 10 object streams
 252 named destinations out of 1000 (max. 500000)
 696 words of extra memory for PDF output out of 10000 (max. 10000000)

